::1 - - [09/Apr/2022:06:31:01 +0000] "GET /api/v1/activity/get_recent_activity HTTP/1.1" 304 - "http://localhost:3000/" "Mozilla/5.0 (Windows NT 10.0; Win64; x64) AppleWebKit/537.36 (KHTML, like Gecko) Chrome/100.0.4896.75 Safari/537.36"
::1 - - [09/Apr/2022:06:37:30 +0000] "GET /api/v1/activity/get_recent_activity HTTP/1.1" 304 - "http://localhost:3000/" "Mozilla/5.0 (Windows NT 10.0; Win64; x64) AppleWebKit/537.36 (KHTML, like Gecko) Chrome/100.0.4896.75 Safari/537.36"
::1 - - [09/Apr/2022:07:02:11 +0000] "POST /api/v1/auth/login HTTP/1.1" 200 255 "http://localhost:3000/" "Mozilla/5.0 (Windows NT 10.0; Win64; x64) AppleWebKit/537.36 (KHTML, like Gecko) Chrome/100.0.4896.75 Safari/537.36"
::1 - - [09/Apr/2022:07:02:16 +0000] "POST /api/v1/auth/login HTTP/1.1" 200 255 "http://localhost:3000/" "Mozilla/5.0 (Windows NT 10.0; Win64; x64) AppleWebKit/537.36 (KHTML, like Gecko) Chrome/100.0.4896.75 Safari/537.36"
::1 - - [09/Apr/2022:07:02:22 +0000] "POST /api/v1/auth/login HTTP/1.1" 200 255 "http://localhost:3000/" "Mozilla/5.0 (Windows NT 10.0; Win64; x64) AppleWebKit/537.36 (KHTML, like Gecko) Chrome/100.0.4896.75 Safari/537.36"
::1 - - [09/Apr/2022:09:34:42 +0000] "GET /api/v1/post/get_all_posts?page=1&limit=10 HTTP/1.1" 200 906 "http://localhost:3000/" "Mozilla/5.0 (Windows NT 10.0; Win64; x64) AppleWebKit/537.36 (KHTML, like Gecko) Chrome/100.0.4896.75 Safari/537.36"
::1 - - [09/Apr/2022:09:34:45 +0000] "GET /api/v1/activity/get_recent_activity HTTP/1.1" 200 86 "http://localhost:3000/" "Mozilla/5.0 (Windows NT 10.0; Win64; x64) AppleWebKit/537.36 (KHTML, like Gecko) Chrome/100.0.4896.75 Safari/537.36"
::1 - - [09/Apr/2022:09:35:29 +0000] "POST /api/v1/auth/login HTTP/1.1" 200 74 "http://localhost:3000/" "Mozilla/5.0 (Windows NT 10.0; Win64; x64) AppleWebKit/537.36 (KHTML, like Gecko) Chrome/100.0.4896.75 Safari/537.36"
::1 - - [09/Apr/2022:09:36:42 +0000] "POST /api/v1/auth/login HTTP/1.1" 200 255 "http://localhost:3000/" "Mozilla/5.0 (Windows NT 10.0; Win64; x64) AppleWebKit/537.36 (KHTML, like Gecko) Chrome/100.0.4896.75 Safari/537.36"
::1 - - [09/Apr/2022:09:36:46 +0000] "GET /api/v1/post/get_all_posts?page=1&limit=10 HTTP/1.1" 304 - "http://localhost:3000/" "Mozilla/5.0 (Windows NT 10.0; Win64; x64) AppleWebKit/537.36 (KHTML, like Gecko) Chrome/100.0.4896.75 Safari/537.36"
::1 - - [09/Apr/2022:09:36:48 +0000] "GET /api/v1/activity/get_recent_activity HTTP/1.1" 200 639 "http://localhost:3000/" "Mozilla/5.0 (Windows NT 10.0; Win64; x64) AppleWebKit/537.36 (KHTML, like Gecko) Chrome/100.0.4896.75 Safari/537.36"
::1 - - [09/Apr/2022:09:37:30 +0000] "GET /api/v1/activity/get_recent_activity HTTP/1.1" 304 - "http://localhost:3000/" "Mozilla/5.0 (Windows NT 10.0; Win64; x64) AppleWebKit/537.36 (KHTML, like Gecko) Chrome/100.0.4896.75 Safari/537.36"
::1 - - [09/Apr/2022:09:50:51 +0000] "GET /api/v1/post/get_all_posts?page=1&limit=7 HTTP/1.1" 200 906 "http://localhost:3000/" "Mozilla/5.0 (Windows NT 10.0; Win64; x64) AppleWebKit/537.36 (KHTML, like Gecko) Chrome/100.0.4896.75 Safari/537.36"
::1 - - [09/Apr/2022:09:50:57 +0000] "GET /api/v1/post/get_all_posts?page=1&limit=10 HTTP/1.1" 304 - "http://localhost:3000/" "Mozilla/5.0 (Windows NT 10.0; Win64; x64) AppleWebKit/537.36 (KHTML, like Gecko) Chrome/100.0.4896.75 Safari/537.36"
::1 - - [09/Apr/2022:09:51:00 +0000] "GET /api/v1/activity/get_recent_activity HTTP/1.1" 304 - "http://localhost:3000/" "Mozilla/5.0 (Windows NT 10.0; Win64; x64) AppleWebKit/537.36 (KHTML, like Gecko) Chrome/100.0.4896.75 Safari/537.36"
::1 - - [09/Apr/2022:09:52:57 +0000] "GET /api/v1/activity/get_recent_activity HTTP/1.1" 304 - "http://localhost:3000/" "Mozilla/5.0 (Windows NT 10.0; Win64; x64) AppleWebKit/537.36 (KHTML, like Gecko) Chrome/100.0.4896.75 Safari/537.36"
::1 - - [09/Apr/2022:09:54:13 +0000] "GET /api/v1/activity/get_recent_activity HTTP/1.1" 200 1605 "http://localhost:3000/" "Mozilla/5.0 (Windows NT 10.0; Win64; x64) AppleWebKit/537.36 (KHTML, like Gecko) Chrome/100.0.4896.75 Safari/537.36"
::1 - - [09/Apr/2022:09:55:38 +0000] "GET /api/v1/activity/get_recent_activity HTTP/1.1" 200 1607 "http://localhost:3000/" "Mozilla/5.0 (Windows NT 10.0; Win64; x64) AppleWebKit/537.36 (KHTML, like Gecko) Chrome/100.0.4896.75 Safari/537.36"
::1 - - [09/Apr/2022:10:11:51 +0000] "GET /api/v1/activity/get_recent_activity HTTP/1.1" 304 - "http://localhost:3000/" "Mozilla/5.0 (Windows NT 10.0; Win64; x64) AppleWebKit/537.36 (KHTML, like Gecko) Chrome/100.0.4896.75 Safari/537.36"
::1 - - [09/Apr/2022:10:11:55 +0000] "GET /api/v1/activity/get_recent_activity HTTP/1.1" 304 - "http://localhost:3000/" "Mozilla/5.0 (Windows NT 10.0; Win64; x64) AppleWebKit/537.36 (KHTML, like Gecko) Chrome/100.0.4896.75 Safari/537.36"
::1 - - [09/Apr/2022:10:12:28 +0000] "GET /api/v1/activity/get_recent_activity HTTP/1.1" 304 - "http://localhost:3000/" "Mozilla/5.0 (Windows NT 10.0; Win64; x64) AppleWebKit/537.36 (KHTML, like Gecko) Chrome/100.0.4896.75 Safari/537.36"
::1 - - [09/Apr/2022:10:12:57 +0000] "GET /api/v1/activity/get_recent_activity HTTP/1.1" 304 - "http://localhost:3000/" "Mozilla/5.0 (Windows NT 10.0; Win64; x64) AppleWebKit/537.36 (KHTML, like Gecko) Chrome/100.0.4896.75 Safari/537.36"
::1 - - [09/Apr/2022:10:14:02 +0000] "GET /api/v1/activity/get_recent_activity HTTP/1.1" 304 - "http://localhost:3000/" "Mozilla/5.0 (Windows NT 10.0; Win64; x64) AppleWebKit/537.36 (KHTML, like Gecko) Chrome/100.0.4896.75 Safari/537.36"
::1 - - [09/Apr/2022:10:14:08 +0000] "GET /api/v1/activity/get_recent_activity HTTP/1.1" 304 - "http://localhost:3000/" "Mozilla/5.0 (Windows NT 10.0; Win64; x64) AppleWebKit/537.36 (KHTML, like Gecko) Chrome/100.0.4896.75 Safari/537.36"
::1 - - [09/Apr/2022:10:15:28 +0000] "GET /api/v1/activity/get_recent_activity HTTP/1.1" 200 86 "http://localhost:3000/" "Mozilla/5.0 (Windows NT 10.0; Win64; x64) AppleWebKit/537.36 (KHTML, like Gecko) Chrome/100.0.4896.75 Safari/537.36"
::1 - - [09/Apr/2022:10:15:34 +0000] "GET /api/v1/question/get_all_questions?page=1&limit=10 HTTP/1.1" 200 5037 "http://localhost:3000/" "Mozilla/5.0 (Windows NT 10.0; Win64; x64) AppleWebKit/537.36 (KHTML, like Gecko) Chrome/100.0.4896.75 Safari/537.36"
::1 - - [09/Apr/2022:10:15:56 +0000] "GET /api/v1/question/get_question/625043e800215d62c0f15942 HTTP/1.1" 200 634 "http://localhost:3000/" "Mozilla/5.0 (Windows NT 10.0; Win64; x64) AppleWebKit/537.36 (KHTML, like Gecko) Chrome/100.0.4896.75 Safari/537.36"
::1 - - [09/Apr/2022:10:15:56 +0000] "GET /api/v1/answer/get_answers/625043e800215d62c0f15942 HTTP/1.1" 200 369 "http://localhost:3000/" "Mozilla/5.0 (Windows NT 10.0; Win64; x64) AppleWebKit/537.36 (KHTML, like Gecko) Chrome/100.0.4896.75 Safari/537.36"
::1 - - [09/Apr/2022:10:15:56 +0000] "POST /api/v1/activity/add_to_recents HTTP/1.1" 200 325 "http://localhost:3000/" "Mozilla/5.0 (Windows NT 10.0; Win64; x64) AppleWebKit/537.36 (KHTML, like Gecko) Chrome/100.0.4896.75 Safari/537.36"
::1 - - [09/Apr/2022:10:15:56 +0000] "GET /api/v1/user/get_user HTTP/1.1" 200 2029 "http://localhost:3000/" "Mozilla/5.0 (Windows NT 10.0; Win64; x64) AppleWebKit/537.36 (KHTML, like Gecko) Chrome/100.0.4896.75 Safari/537.36"
::1 - - [09/Apr/2022:10:15:56 +0000] "GET /api/v1/user/get_user/6249a0970a6ed3d892f4bb56 HTTP/1.1" 200 2029 "http://localhost:3000/" "Mozilla/5.0 (Windows NT 10.0; Win64; x64) AppleWebKit/537.36 (KHTML, like Gecko) Chrome/100.0.4896.75 Safari/537.36"
::1 - - [09/Apr/2022:10:16:05 +0000] "GET /api/v1/post/get_all_posts?page=1&limit=10 HTTP/1.1" 200 1776 "http://localhost:3000/" "Mozilla/5.0 (Windows NT 10.0; Win64; x64) AppleWebKit/537.36 (KHTML, like Gecko) Chrome/100.0.4896.75 Safari/537.36"
::1 - - [09/Apr/2022:10:16:08 +0000] "GET /api/v1/activity/get_recent_activity HTTP/1.1" 200 846 "http://localhost:3000/" "Mozilla/5.0 (Windows NT 10.0; Win64; x64) AppleWebKit/537.36 (KHTML, like Gecko) Chrome/100.0.4896.75 Safari/537.36"
::1 - - [09/Apr/2022:10:17:25 +0000] "GET /api/v1/activity/get_recent_activity HTTP/1.1" 304 - "http://localhost:3000/" "Mozilla/5.0 (Windows NT 10.0; Win64; x64) AppleWebKit/537.36 (KHTML, like Gecko) Chrome/100.0.4896.75 Safari/537.36"
::1 - - [09/Apr/2022:10:17:31 +0000] "GET /api/v1/activity/get_recent_activity HTTP/1.1" 304 - "http://localhost:3000/" "Mozilla/5.0 (Windows NT 10.0; Win64; x64) AppleWebKit/537.36 (KHTML, like Gecko) Chrome/100.0.4896.75 Safari/537.36"
::1 - - [09/Apr/2022:10:19:01 +0000] "GET /api/v1/activity/get_recent_activity HTTP/1.1" 304 - "http://localhost:3000/" "Mozilla/5.0 (Windows NT 10.0; Win64; x64) AppleWebKit/537.36 (KHTML, like Gecko) Chrome/100.0.4896.75 Safari/537.36"
::1 - - [09/Apr/2022:10:22:46 +0000] "GET /api/v1/activity/get_recent_activity HTTP/1.1" 304 - "http://localhost:3000/" "Mozilla/5.0 (Windows NT 10.0; Win64; x64) AppleWebKit/537.36 (KHTML, like Gecko) Chrome/100.0.4896.75 Safari/537.36"
::1 - - [09/Apr/2022:10:23:40 +0000] "GET /api/v1/activity/get_recent_activity HTTP/1.1" 304 - "http://localhost:3000/" "Mozilla/5.0 (Windows NT 10.0; Win64; x64) AppleWebKit/537.36 (KHTML, like Gecko) Chrome/100.0.4896.75 Safari/537.36"
::1 - - [09/Apr/2022:10:23:45 +0000] "GET /api/v1/activity/get_recent_activity HTTP/1.1" 304 - "http://localhost:3000/" "Mozilla/5.0 (Windows NT 10.0; Win64; x64) AppleWebKit/537.36 (KHTML, like Gecko) Chrome/100.0.4896.75 Safari/537.36"
::1 - - [09/Apr/2022:10:27:10 +0000] "GET /api/v1/activity/get_recent_activity HTTP/1.1" 304 - "http://localhost:3000/" "Mozilla/5.0 (Windows NT 10.0; Win64; x64) AppleWebKit/537.36 (KHTML, like Gecko) Chrome/100.0.4896.75 Safari/537.36"
::1 - - [09/Apr/2022:10:29:04 +0000] "GET /api/v1/activity/get_recent_activity HTTP/1.1" 304 - "http://localhost:3000/" "Mozilla/5.0 (Windows NT 10.0; Win64; x64) AppleWebKit/537.36 (KHTML, like Gecko) Chrome/100.0.4896.75 Safari/537.36"
::1 - - [09/Apr/2022:10:29:56 +0000] "GET /api/v1/activity/get_recent_activity HTTP/1.1" 304 - "http://localhost:3000/" "Mozilla/5.0 (Windows NT 10.0; Win64; x64) AppleWebKit/537.36 (KHTML, like Gecko) Chrome/100.0.4896.75 Safari/537.36"
