::1 - - [09/Apr/2022:04:31:40 +0000] "GET /api/v1/activity/get_recent_activity HTTP/1.1" 304 - "http://localhost:3000/" "Mozilla/5.0 (Windows NT 10.0; Win64; x64) AppleWebKit/537.36 (KHTML, like Gecko) Chrome/100.0.4896.75 Safari/537.36"
::1 - - [09/Apr/2022:04:33:22 +0000] "GET /api/v1/activity/get_recent_activity HTTP/1.1" - - "http://localhost:3000/" "Mozilla/5.0 (Windows NT 10.0; Win64; x64) AppleWebKit/537.36 (KHTML, like Gecko) Chrome/100.0.4896.75 Safari/537.36"
::1 - - [09/Apr/2022:04:33:22 +0000] "GET /api/v1/activity/get_recent_activity HTTP/1.1" - - "http://localhost:3000/" "Mozilla/5.0 (Windows NT 10.0; Win64; x64) AppleWebKit/537.36 (KHTML, like Gecko) Chrome/100.0.4896.75 Safari/537.36"
::1 - - [09/Apr/2022:04:34:03 +0000] "GET /api/v1/activity/get_recent_activity HTTP/1.1" 200 86 "http://localhost:3000/" "Mozilla/5.0 (Windows NT 10.0; Win64; x64) AppleWebKit/537.36 (KHTML, like Gecko) Chrome/100.0.4896.75 Safari/537.36"
::1 - - [09/Apr/2022:04:34:13 +0000] "GET /api/v1/activity/get_recent_activity HTTP/1.1" 304 - "http://localhost:3000/" "Mozilla/5.0 (Windows NT 10.0; Win64; x64) AppleWebKit/537.36 (KHTML, like Gecko) Chrome/100.0.4896.75 Safari/537.36"
::1 - - [09/Apr/2022:04:34:18 +0000] "GET /api/v1/activity/get_recent_activity HTTP/1.1" 304 - "http://localhost:3000/" "Mozilla/5.0 (Windows NT 10.0; Win64; x64) AppleWebKit/537.36 (KHTML, like Gecko) Chrome/100.0.4896.75 Safari/537.36"
::1 - - [09/Apr/2022:04:34:55 +0000] "GET /api/v1/activity/get_recent_activity HTTP/1.1" 304 - "http://localhost:3000/" "Mozilla/5.0 (Windows NT 10.0; Win64; x64) AppleWebKit/537.36 (KHTML, like Gecko) Chrome/100.0.4896.75 Safari/537.36"
::1 - - [09/Apr/2022:04:35:22 +0000] "GET /api/v1/activity/get_recent_activity HTTP/1.1" 304 - "http://localhost:3000/" "Mozilla/5.0 (Windows NT 10.0; Win64; x64) AppleWebKit/537.36 (KHTML, like Gecko) Chrome/100.0.4896.75 Safari/537.36"
::1 - - [09/Apr/2022:04:35:31 +0000] "GET /api/v1/activity/get_recent_activity HTTP/1.1" 304 - "http://localhost:3000/" "Mozilla/5.0 (Windows NT 10.0; Win64; x64) AppleWebKit/537.36 (KHTML, like Gecko) Chrome/100.0.4896.75 Safari/537.36"
::1 - - [09/Apr/2022:04:35:39 +0000] "GET /api/v1/activity/get_recent_activity HTTP/1.1" 304 - "http://localhost:3000/" "Mozilla/5.0 (Windows NT 10.0; Win64; x64) AppleWebKit/537.36 (KHTML, like Gecko) Chrome/100.0.4896.75 Safari/537.36"
::1 - - [09/Apr/2022:04:35:54 +0000] "GET /api/v1/activity/get_recent_activity HTTP/1.1" 304 - "http://localhost:3000/" "Mozilla/5.0 (Windows NT 10.0; Win64; x64) AppleWebKit/537.36 (KHTML, like Gecko) Chrome/100.0.4896.75 Safari/537.36"
::1 - - [09/Apr/2022:06:00:59 +0000] "GET /api/v1/post/get_all_posts?page=1&limit=7 HTTP/1.1" 304 - "http://localhost:3000/" "Mozilla/5.0 (Windows NT 10.0; Win64; x64) AppleWebKit/537.36 (KHTML, like Gecko) Chrome/100.0.4896.75 Safari/537.36"
::1 - - [09/Apr/2022:06:02:01 +0000] "GET /api/v1/post/get_all_posts?page=1&limit=10 HTTP/1.1" 304 - "http://localhost:3000/" "Mozilla/5.0 (Windows NT 10.0; Win64; x64) AppleWebKit/537.36 (KHTML, like Gecko) Chrome/100.0.4896.75 Safari/537.36"
::1 - - [09/Apr/2022:06:07:16 +0000] "GET /api/v1/post/get_all_posts?page=1&limit=10 HTTP/1.1" 304 - "http://localhost:3000/" "Mozilla/5.0 (Windows NT 10.0; Win64; x64) AppleWebKit/537.36 (KHTML, like Gecko) Chrome/100.0.4896.75 Safari/537.36"
::1 - - [09/Apr/2022:06:07:19 +0000] "GET /api/v1/question/get_all_questions?page=1&limit=10 HTTP/1.1" 304 - "http://localhost:3000/" "Mozilla/5.0 (Windows NT 10.0; Win64; x64) AppleWebKit/537.36 (KHTML, like Gecko) Chrome/100.0.4896.75 Safari/537.36"
::1 - - [09/Apr/2022:06:09:23 +0000] "POST /api/v1/activity/add_to_recents HTTP/1.1" 401 82 "http://localhost:3000/" "Mozilla/5.0 (Windows NT 10.0; Win64; x64) AppleWebKit/537.36 (KHTML, like Gecko) Chrome/100.0.4896.75 Safari/537.36"
::1 - - [09/Apr/2022:06:09:23 +0000] "GET /api/v1/question/get_question/625043e800215d62c0f15942 HTTP/1.1" 200 608 "http://localhost:3000/" "Mozilla/5.0 (Windows NT 10.0; Win64; x64) AppleWebKit/537.36 (KHTML, like Gecko) Chrome/100.0.4896.75 Safari/537.36"
::1 - - [09/Apr/2022:06:09:23 +0000] "GET /api/v1/answer/get_answers/625043e800215d62c0f15942 HTTP/1.1" 200 82 "http://localhost:3000/" "Mozilla/5.0 (Windows NT 10.0; Win64; x64) AppleWebKit/537.36 (KHTML, like Gecko) Chrome/100.0.4896.75 Safari/537.36"
::1 - - [09/Apr/2022:06:09:23 +0000] "GET /api/v1/user/get_user HTTP/1.1" 200 1949 "http://localhost:3000/" "Mozilla/5.0 (Windows NT 10.0; Win64; x64) AppleWebKit/537.36 (KHTML, like Gecko) Chrome/100.0.4896.75 Safari/537.36"
::1 - - [09/Apr/2022:06:09:23 +0000] "GET /api/v1/user/get_user/6249a0970a6ed3d892f4bb56 HTTP/1.1" 200 1949 "http://localhost:3000/" "Mozilla/5.0 (Windows NT 10.0; Win64; x64) AppleWebKit/537.36 (KHTML, like Gecko) Chrome/100.0.4896.75 Safari/537.36"
::1 - - [09/Apr/2022:06:10:02 +0000] "POST /api/v1/question/down_vote_question HTTP/1.1" 200 168 "http://localhost:3000/" "Mozilla/5.0 (Windows NT 10.0; Win64; x64) AppleWebKit/537.36 (KHTML, like Gecko) Chrome/100.0.4896.75 Safari/537.36"
::1 - - [09/Apr/2022:06:10:03 +0000] "POST /api/v1/question/up_vote_question HTTP/1.1" 200 166 "http://localhost:3000/" "Mozilla/5.0 (Windows NT 10.0; Win64; x64) AppleWebKit/537.36 (KHTML, like Gecko) Chrome/100.0.4896.75 Safari/537.36"
::1 - - [09/Apr/2022:06:10:04 +0000] "POST /api/v1/question/down_vote_question HTTP/1.1" 200 168 "http://localhost:3000/" "Mozilla/5.0 (Windows NT 10.0; Win64; x64) AppleWebKit/537.36 (KHTML, like Gecko) Chrome/100.0.4896.75 Safari/537.36"
::1 - - [09/Apr/2022:06:10:09 +0000] "POST /api/v1/activity/add_to_recents HTTP/1.1" 401 82 "http://localhost:3000/" "Mozilla/5.0 (Windows NT 10.0; Win64; x64) AppleWebKit/537.36 (KHTML, like Gecko) Chrome/100.0.4896.75 Safari/537.36"
::1 - - [09/Apr/2022:06:10:09 +0000] "GET /api/v1/question/get_question/625043e800215d62c0f15942 HTTP/1.1" 200 582 "http://localhost:3000/" "Mozilla/5.0 (Windows NT 10.0; Win64; x64) AppleWebKit/537.36 (KHTML, like Gecko) Chrome/100.0.4896.75 Safari/537.36"
::1 - - [09/Apr/2022:06:10:09 +0000] "GET /api/v1/answer/get_answers/625043e800215d62c0f15942 HTTP/1.1" 304 - "http://localhost:3000/" "Mozilla/5.0 (Windows NT 10.0; Win64; x64) AppleWebKit/537.36 (KHTML, like Gecko) Chrome/100.0.4896.75 Safari/537.36"
::1 - - [09/Apr/2022:06:10:09 +0000] "GET /api/v1/user/get_user HTTP/1.1" 200 1923 "http://localhost:3000/" "Mozilla/5.0 (Windows NT 10.0; Win64; x64) AppleWebKit/537.36 (KHTML, like Gecko) Chrome/100.0.4896.75 Safari/537.36"
::1 - - [09/Apr/2022:06:10:10 +0000] "GET /api/v1/user/get_user/6249a0970a6ed3d892f4bb56 HTTP/1.1" 200 1923 "http://localhost:3000/" "Mozilla/5.0 (Windows NT 10.0; Win64; x64) AppleWebKit/537.36 (KHTML, like Gecko) Chrome/100.0.4896.75 Safari/537.36"
::1 - - [09/Apr/2022:06:10:11 +0000] "POST /api/v1/question/up_vote_question HTTP/1.1" 200 166 "http://localhost:3000/" "Mozilla/5.0 (Windows NT 10.0; Win64; x64) AppleWebKit/537.36 (KHTML, like Gecko) Chrome/100.0.4896.75 Safari/537.36"
::1 - - [09/Apr/2022:06:10:13 +0000] "POST /api/v1/activity/add_to_recents HTTP/1.1" 401 82 "http://localhost:3000/" "Mozilla/5.0 (Windows NT 10.0; Win64; x64) AppleWebKit/537.36 (KHTML, like Gecko) Chrome/100.0.4896.75 Safari/537.36"
::1 - - [09/Apr/2022:06:10:13 +0000] "GET /api/v1/question/get_question/625043e800215d62c0f15942 HTTP/1.1" 200 608 "http://localhost:3000/" "Mozilla/5.0 (Windows NT 10.0; Win64; x64) AppleWebKit/537.36 (KHTML, like Gecko) Chrome/100.0.4896.75 Safari/537.36"
::1 - - [09/Apr/2022:06:10:13 +0000] "GET /api/v1/answer/get_answers/625043e800215d62c0f15942 HTTP/1.1" 304 - "http://localhost:3000/" "Mozilla/5.0 (Windows NT 10.0; Win64; x64) AppleWebKit/537.36 (KHTML, like Gecko) Chrome/100.0.4896.75 Safari/537.36"
::1 - - [09/Apr/2022:06:10:13 +0000] "GET /api/v1/user/get_user HTTP/1.1" 200 1949 "http://localhost:3000/" "Mozilla/5.0 (Windows NT 10.0; Win64; x64) AppleWebKit/537.36 (KHTML, like Gecko) Chrome/100.0.4896.75 Safari/537.36"
::1 - - [09/Apr/2022:06:10:13 +0000] "GET /api/v1/user/get_user/6249a0970a6ed3d892f4bb56 HTTP/1.1" 200 1949 "http://localhost:3000/" "Mozilla/5.0 (Windows NT 10.0; Win64; x64) AppleWebKit/537.36 (KHTML, like Gecko) Chrome/100.0.4896.75 Safari/537.36"
::1 - - [09/Apr/2022:06:10:15 +0000] "POST /api/v1/question/down_vote_question HTTP/1.1" 200 168 "http://localhost:3000/" "Mozilla/5.0 (Windows NT 10.0; Win64; x64) AppleWebKit/537.36 (KHTML, like Gecko) Chrome/100.0.4896.75 Safari/537.36"
::1 - - [09/Apr/2022:06:10:16 +0000] "POST /api/v1/activity/add_to_recents HTTP/1.1" 401 82 "http://localhost:3000/" "Mozilla/5.0 (Windows NT 10.0; Win64; x64) AppleWebKit/537.36 (KHTML, like Gecko) Chrome/100.0.4896.75 Safari/537.36"
::1 - - [09/Apr/2022:06:10:16 +0000] "GET /api/v1/question/get_question/625043e800215d62c0f15942 HTTP/1.1" 200 582 "http://localhost:3000/" "Mozilla/5.0 (Windows NT 10.0; Win64; x64) AppleWebKit/537.36 (KHTML, like Gecko) Chrome/100.0.4896.75 Safari/537.36"
::1 - - [09/Apr/2022:06:10:16 +0000] "GET /api/v1/answer/get_answers/625043e800215d62c0f15942 HTTP/1.1" 304 - "http://localhost:3000/" "Mozilla/5.0 (Windows NT 10.0; Win64; x64) AppleWebKit/537.36 (KHTML, like Gecko) Chrome/100.0.4896.75 Safari/537.36"
::1 - - [09/Apr/2022:06:10:16 +0000] "GET /api/v1/user/get_user HTTP/1.1" 200 1923 "http://localhost:3000/" "Mozilla/5.0 (Windows NT 10.0; Win64; x64) AppleWebKit/537.36 (KHTML, like Gecko) Chrome/100.0.4896.75 Safari/537.36"
::1 - - [09/Apr/2022:06:10:16 +0000] "GET /api/v1/user/get_user/6249a0970a6ed3d892f4bb56 HTTP/1.1" 200 1923 "http://localhost:3000/" "Mozilla/5.0 (Windows NT 10.0; Win64; x64) AppleWebKit/537.36 (KHTML, like Gecko) Chrome/100.0.4896.75 Safari/537.36"
::1 - - [09/Apr/2022:06:10:18 +0000] "POST /api/v1/question/up_vote_question HTTP/1.1" 200 166 "http://localhost:3000/" "Mozilla/5.0 (Windows NT 10.0; Win64; x64) AppleWebKit/537.36 (KHTML, like Gecko) Chrome/100.0.4896.75 Safari/537.36"
::1 - - [09/Apr/2022:06:10:19 +0000] "POST /api/v1/activity/add_to_recents HTTP/1.1" 401 82 "http://localhost:3000/" "Mozilla/5.0 (Windows NT 10.0; Win64; x64) AppleWebKit/537.36 (KHTML, like Gecko) Chrome/100.0.4896.75 Safari/537.36"
::1 - - [09/Apr/2022:06:10:19 +0000] "GET /api/v1/question/get_question/625043e800215d62c0f15942 HTTP/1.1" 200 608 "http://localhost:3000/" "Mozilla/5.0 (Windows NT 10.0; Win64; x64) AppleWebKit/537.36 (KHTML, like Gecko) Chrome/100.0.4896.75 Safari/537.36"
::1 - - [09/Apr/2022:06:10:19 +0000] "GET /api/v1/answer/get_answers/625043e800215d62c0f15942 HTTP/1.1" 304 - "http://localhost:3000/" "Mozilla/5.0 (Windows NT 10.0; Win64; x64) AppleWebKit/537.36 (KHTML, like Gecko) Chrome/100.0.4896.75 Safari/537.36"
::1 - - [09/Apr/2022:06:10:19 +0000] "GET /api/v1/user/get_user HTTP/1.1" 200 1949 "http://localhost:3000/" "Mozilla/5.0 (Windows NT 10.0; Win64; x64) AppleWebKit/537.36 (KHTML, like Gecko) Chrome/100.0.4896.75 Safari/537.36"
::1 - - [09/Apr/2022:06:10:19 +0000] "GET /api/v1/user/get_user/6249a0970a6ed3d892f4bb56 HTTP/1.1" 200 1949 "http://localhost:3000/" "Mozilla/5.0 (Windows NT 10.0; Win64; x64) AppleWebKit/537.36 (KHTML, like Gecko) Chrome/100.0.4896.75 Safari/537.36"
::1 - - [09/Apr/2022:06:10:31 +0000] "POST /api/v1/answer/add_answer HTTP/1.1" 200 360 "http://localhost:3000/" "Mozilla/5.0 (Windows NT 10.0; Win64; x64) AppleWebKit/537.36 (KHTML, like Gecko) Chrome/100.0.4896.75 Safari/537.36"
::1 - - [09/Apr/2022:06:10:31 +0000] "GET /api/v1/answer/get_answers/625043e800215d62c0f15942 HTTP/1.1" 200 369 "http://localhost:3000/" "Mozilla/5.0 (Windows NT 10.0; Win64; x64) AppleWebKit/537.36 (KHTML, like Gecko) Chrome/100.0.4896.75 Safari/537.36"
::1 - - [09/Apr/2022:06:10:36 +0000] "POST /api/v1/activity/add_to_recents HTTP/1.1" 401 82 "http://localhost:3000/" "Mozilla/5.0 (Windows NT 10.0; Win64; x64) AppleWebKit/537.36 (KHTML, like Gecko) Chrome/100.0.4896.75 Safari/537.36"
::1 - - [09/Apr/2022:06:10:36 +0000] "GET /api/v1/question/get_question/625043e800215d62c0f15942 HTTP/1.1" 200 634 "http://localhost:3000/" "Mozilla/5.0 (Windows NT 10.0; Win64; x64) AppleWebKit/537.36 (KHTML, like Gecko) Chrome/100.0.4896.75 Safari/537.36"
::1 - - [09/Apr/2022:06:10:36 +0000] "GET /api/v1/answer/get_answers/625043e800215d62c0f15942 HTTP/1.1" 304 - "http://localhost:3000/" "Mozilla/5.0 (Windows NT 10.0; Win64; x64) AppleWebKit/537.36 (KHTML, like Gecko) Chrome/100.0.4896.75 Safari/537.36"
::1 - - [09/Apr/2022:06:10:36 +0000] "GET /api/v1/user/get_user HTTP/1.1" 304 - "http://localhost:3000/" "Mozilla/5.0 (Windows NT 10.0; Win64; x64) AppleWebKit/537.36 (KHTML, like Gecko) Chrome/100.0.4896.75 Safari/537.36"
::1 - - [09/Apr/2022:06:10:36 +0000] "GET /api/v1/user/get_user/6249a0970a6ed3d892f4bb56 HTTP/1.1" 304 - "http://localhost:3000/" "Mozilla/5.0 (Windows NT 10.0; Win64; x64) AppleWebKit/537.36 (KHTML, like Gecko) Chrome/100.0.4896.75 Safari/537.36"
::1 - - [09/Apr/2022:06:10:51 +0000] "POST /api/v1/activity/add_to_recents HTTP/1.1" 401 82 "http://localhost:3000/" "Mozilla/5.0 (Windows NT 10.0; Win64; x64) AppleWebKit/537.36 (KHTML, like Gecko) Chrome/100.0.4896.75 Safari/537.36"
::1 - - [09/Apr/2022:06:10:51 +0000] "GET /api/v1/question/get_question/625043e800215d62c0f15942 HTTP/1.1" 304 - "http://localhost:3000/" "Mozilla/5.0 (Windows NT 10.0; Win64; x64) AppleWebKit/537.36 (KHTML, like Gecko) Chrome/100.0.4896.75 Safari/537.36"
::1 - - [09/Apr/2022:06:10:51 +0000] "GET /api/v1/answer/get_answers/625043e800215d62c0f15942 HTTP/1.1" 304 - "http://localhost:3000/" "Mozilla/5.0 (Windows NT 10.0; Win64; x64) AppleWebKit/537.36 (KHTML, like Gecko) Chrome/100.0.4896.75 Safari/537.36"
::1 - - [09/Apr/2022:06:10:51 +0000] "GET /api/v1/user/get_user HTTP/1.1" 304 - "http://localhost:3000/" "Mozilla/5.0 (Windows NT 10.0; Win64; x64) AppleWebKit/537.36 (KHTML, like Gecko) Chrome/100.0.4896.75 Safari/537.36"
::1 - - [09/Apr/2022:06:10:51 +0000] "GET /api/v1/user/get_user/6249a0970a6ed3d892f4bb56 HTTP/1.1" 304 - "http://localhost:3000/" "Mozilla/5.0 (Windows NT 10.0; Win64; x64) AppleWebKit/537.36 (KHTML, like Gecko) Chrome/100.0.4896.75 Safari/537.36"
::1 - - [09/Apr/2022:06:10:55 +0000] "POST /api/v1/activity/add_to_recents HTTP/1.1" 401 82 "http://localhost:3000/" "Mozilla/5.0 (Windows NT 10.0; Win64; x64) AppleWebKit/537.36 (KHTML, like Gecko) Chrome/100.0.4896.75 Safari/537.36"
::1 - - [09/Apr/2022:06:10:55 +0000] "GET /api/v1/question/get_question/625043e800215d62c0f15942 HTTP/1.1" 304 - "http://localhost:3000/" "Mozilla/5.0 (Windows NT 10.0; Win64; x64) AppleWebKit/537.36 (KHTML, like Gecko) Chrome/100.0.4896.75 Safari/537.36"
::1 - - [09/Apr/2022:06:10:55 +0000] "GET /api/v1/answer/get_answers/625043e800215d62c0f15942 HTTP/1.1" 304 - "http://localhost:3000/" "Mozilla/5.0 (Windows NT 10.0; Win64; x64) AppleWebKit/537.36 (KHTML, like Gecko) Chrome/100.0.4896.75 Safari/537.36"
::1 - - [09/Apr/2022:06:10:55 +0000] "GET /api/v1/user/get_user HTTP/1.1" 304 - "http://localhost:3000/" "Mozilla/5.0 (Windows NT 10.0; Win64; x64) AppleWebKit/537.36 (KHTML, like Gecko) Chrome/100.0.4896.75 Safari/537.36"
::1 - - [09/Apr/2022:06:10:55 +0000] "GET /api/v1/user/get_user/6249a0970a6ed3d892f4bb56 HTTP/1.1" 304 - "http://localhost:3000/" "Mozilla/5.0 (Windows NT 10.0; Win64; x64) AppleWebKit/537.36 (KHTML, like Gecko) Chrome/100.0.4896.75 Safari/537.36"
::1 - - [09/Apr/2022:06:10:58 +0000] "POST /api/v1/activity/add_to_recents HTTP/1.1" 401 82 "http://localhost:3000/" "Mozilla/5.0 (Windows NT 10.0; Win64; x64) AppleWebKit/537.36 (KHTML, like Gecko) Chrome/100.0.4896.75 Safari/537.36"
::1 - - [09/Apr/2022:06:10:58 +0000] "GET /api/v1/question/get_question/625043e800215d62c0f15942 HTTP/1.1" 304 - "http://localhost:3000/" "Mozilla/5.0 (Windows NT 10.0; Win64; x64) AppleWebKit/537.36 (KHTML, like Gecko) Chrome/100.0.4896.75 Safari/537.36"
::1 - - [09/Apr/2022:06:10:58 +0000] "GET /api/v1/answer/get_answers/625043e800215d62c0f15942 HTTP/1.1" 304 - "http://localhost:3000/" "Mozilla/5.0 (Windows NT 10.0; Win64; x64) AppleWebKit/537.36 (KHTML, like Gecko) Chrome/100.0.4896.75 Safari/537.36"
::1 - - [09/Apr/2022:06:10:58 +0000] "GET /api/v1/user/get_user HTTP/1.1" 304 - "http://localhost:3000/" "Mozilla/5.0 (Windows NT 10.0; Win64; x64) AppleWebKit/537.36 (KHTML, like Gecko) Chrome/100.0.4896.75 Safari/537.36"
::1 - - [09/Apr/2022:06:10:58 +0000] "GET /api/v1/user/get_user/6249a0970a6ed3d892f4bb56 HTTP/1.1" 304 - "http://localhost:3000/" "Mozilla/5.0 (Windows NT 10.0; Win64; x64) AppleWebKit/537.36 (KHTML, like Gecko) Chrome/100.0.4896.75 Safari/537.36"
::1 - - [09/Apr/2022:06:11:06 +0000] "POST /api/v1/activity/add_to_recents HTTP/1.1" 401 82 "http://localhost:3000/" "Mozilla/5.0 (Windows NT 10.0; Win64; x64) AppleWebKit/537.36 (KHTML, like Gecko) Chrome/100.0.4896.75 Safari/537.36"
::1 - - [09/Apr/2022:06:11:06 +0000] "GET /api/v1/question/get_question/625043e800215d62c0f15942 HTTP/1.1" 304 - "http://localhost:3000/" "Mozilla/5.0 (Windows NT 10.0; Win64; x64) AppleWebKit/537.36 (KHTML, like Gecko) Chrome/100.0.4896.75 Safari/537.36"
::1 - - [09/Apr/2022:06:11:06 +0000] "GET /api/v1/answer/get_answers/625043e800215d62c0f15942 HTTP/1.1" 304 - "http://localhost:3000/" "Mozilla/5.0 (Windows NT 10.0; Win64; x64) AppleWebKit/537.36 (KHTML, like Gecko) Chrome/100.0.4896.75 Safari/537.36"
::1 - - [09/Apr/2022:06:11:07 +0000] "GET /api/v1/user/get_user HTTP/1.1" 304 - "http://localhost:3000/" "Mozilla/5.0 (Windows NT 10.0; Win64; x64) AppleWebKit/537.36 (KHTML, like Gecko) Chrome/100.0.4896.75 Safari/537.36"
::1 - - [09/Apr/2022:06:11:07 +0000] "GET /api/v1/user/get_user/6249a0970a6ed3d892f4bb56 HTTP/1.1" 304 - "http://localhost:3000/" "Mozilla/5.0 (Windows NT 10.0; Win64; x64) AppleWebKit/537.36 (KHTML, like Gecko) Chrome/100.0.4896.75 Safari/537.36"
::1 - - [09/Apr/2022:06:14:23 +0000] "GET /api/v1/post/get_all_posts?page=1&limit=10 HTTP/1.1" 304 - "http://localhost:3000/" "Mozilla/5.0 (Windows NT 10.0; Win64; x64) AppleWebKit/537.36 (KHTML, like Gecko) Chrome/100.0.4896.75 Safari/537.36"
::1 - - [09/Apr/2022:06:14:25 +0000] "GET /api/v1/activity/get_recent_activity HTTP/1.1" 304 - "http://localhost:3000/" "Mozilla/5.0 (Windows NT 10.0; Win64; x64) AppleWebKit/537.36 (KHTML, like Gecko) Chrome/100.0.4896.75 Safari/537.36"
::1 - - [09/Apr/2022:06:14:29 +0000] "GET /api/v1/post/get_all_posts?page=1&limit=10 HTTP/1.1" 304 - "http://localhost:3000/" "Mozilla/5.0 (Windows NT 10.0; Win64; x64) AppleWebKit/537.36 (KHTML, like Gecko) Chrome/100.0.4896.75 Safari/537.36"
::1 - - [09/Apr/2022:06:21:51 +0000] "POST /api/v1/auth/login HTTP/1.1" 200 255 "http://localhost:3000/" "Mozilla/5.0 (Windows NT 10.0; Win64; x64) AppleWebKit/537.36 (KHTML, like Gecko) Chrome/100.0.4896.75 Safari/537.36"
::1 - - [09/Apr/2022:06:21:54 +0000] "GET /api/v1/post/get_all_posts?page=1&limit=10 HTTP/1.1" 304 - "http://localhost:3000/" "Mozilla/5.0 (Windows NT 10.0; Win64; x64) AppleWebKit/537.36 (KHTML, like Gecko) Chrome/100.0.4896.75 Safari/537.36"
::1 - - [09/Apr/2022:06:22:32 +0000] "GET /api/v1/activity/get_recent_activity HTTP/1.1" 304 - "http://localhost:3000/" "Mozilla/5.0 (Windows NT 10.0; Win64; x64) AppleWebKit/537.36 (KHTML, like Gecko) Chrome/100.0.4896.75 Safari/537.36"
::1 - - [09/Apr/2022:06:22:35 +0000] "GET /api/v1/post/get_all_posts?page=1&limit=10 HTTP/1.1" 304 - "http://localhost:3000/" "Mozilla/5.0 (Windows NT 10.0; Win64; x64) AppleWebKit/537.36 (KHTML, like Gecko) Chrome/100.0.4896.75 Safari/537.36"
::1 - - [09/Apr/2022:06:22:36 +0000] "GET /api/v1/question/get_all_questions?page=1&limit=10 HTTP/1.1" 200 3347 "http://localhost:3000/" "Mozilla/5.0 (Windows NT 10.0; Win64; x64) AppleWebKit/537.36 (KHTML, like Gecko) Chrome/100.0.4896.75 Safari/537.36"
::1 - - [09/Apr/2022:06:22:39 +0000] "POST /api/v1/activity/add_to_recents HTTP/1.1" 401 82 "http://localhost:3000/" "Mozilla/5.0 (Windows NT 10.0; Win64; x64) AppleWebKit/537.36 (KHTML, like Gecko) Chrome/100.0.4896.75 Safari/537.36"
::1 - - [09/Apr/2022:06:22:39 +0000] "GET /api/v1/question/get_question/625043e800215d62c0f15942 HTTP/1.1" 304 - "http://localhost:3000/" "Mozilla/5.0 (Windows NT 10.0; Win64; x64) AppleWebKit/537.36 (KHTML, like Gecko) Chrome/100.0.4896.75 Safari/537.36"
::1 - - [09/Apr/2022:06:22:40 +0000] "GET /api/v1/answer/get_answers/625043e800215d62c0f15942 HTTP/1.1" 304 - "http://localhost:3000/" "Mozilla/5.0 (Windows NT 10.0; Win64; x64) AppleWebKit/537.36 (KHTML, like Gecko) Chrome/100.0.4896.75 Safari/537.36"
::1 - - [09/Apr/2022:06:22:40 +0000] "GET /api/v1/user/get_user HTTP/1.1" 304 - "http://localhost:3000/" "Mozilla/5.0 (Windows NT 10.0; Win64; x64) AppleWebKit/537.36 (KHTML, like Gecko) Chrome/100.0.4896.75 Safari/537.36"
::1 - - [09/Apr/2022:06:22:40 +0000] "GET /api/v1/user/get_user/6249a0970a6ed3d892f4bb56 HTTP/1.1" 304 - "http://localhost:3000/" "Mozilla/5.0 (Windows NT 10.0; Win64; x64) AppleWebKit/537.36 (KHTML, like Gecko) Chrome/100.0.4896.75 Safari/537.36"
::1 - - [09/Apr/2022:06:23:43 +0000] "POST /api/v1/activity/add_to_recents HTTP/1.1" 401 82 "http://localhost:3000/" "Mozilla/5.0 (Windows NT 10.0; Win64; x64) AppleWebKit/537.36 (KHTML, like Gecko) Chrome/100.0.4896.75 Safari/537.36"
::1 - - [09/Apr/2022:06:23:43 +0000] "GET /api/v1/question/get_question/625043e800215d62c0f15942 HTTP/1.1" 304 - "http://localhost:3000/" "Mozilla/5.0 (Windows NT 10.0; Win64; x64) AppleWebKit/537.36 (KHTML, like Gecko) Chrome/100.0.4896.75 Safari/537.36"
::1 - - [09/Apr/2022:06:23:43 +0000] "GET /api/v1/answer/get_answers/625043e800215d62c0f15942 HTTP/1.1" 304 - "http://localhost:3000/" "Mozilla/5.0 (Windows NT 10.0; Win64; x64) AppleWebKit/537.36 (KHTML, like Gecko) Chrome/100.0.4896.75 Safari/537.36"
::1 - - [09/Apr/2022:06:23:43 +0000] "GET /api/v1/user/get_user HTTP/1.1" 304 - "http://localhost:3000/" "Mozilla/5.0 (Windows NT 10.0; Win64; x64) AppleWebKit/537.36 (KHTML, like Gecko) Chrome/100.0.4896.75 Safari/537.36"
::1 - - [09/Apr/2022:06:23:44 +0000] "GET /api/v1/user/get_user/6249a0970a6ed3d892f4bb56 HTTP/1.1" 304 - "http://localhost:3000/" "Mozilla/5.0 (Windows NT 10.0; Win64; x64) AppleWebKit/537.36 (KHTML, like Gecko) Chrome/100.0.4896.75 Safari/537.36"
::1 - - [09/Apr/2022:06:24:29 +0000] "POST /api/v1/activity/add_to_recents HTTP/1.1" 401 82 "http://localhost:3000/" "Mozilla/5.0 (Windows NT 10.0; Win64; x64) AppleWebKit/537.36 (KHTML, like Gecko) Chrome/100.0.4896.75 Safari/537.36"
::1 - - [09/Apr/2022:06:24:29 +0000] "GET /api/v1/question/get_question/625043e800215d62c0f15942 HTTP/1.1" 304 - "http://localhost:3000/" "Mozilla/5.0 (Windows NT 10.0; Win64; x64) AppleWebKit/537.36 (KHTML, like Gecko) Chrome/100.0.4896.75 Safari/537.36"
::1 - - [09/Apr/2022:06:24:29 +0000] "GET /api/v1/answer/get_answers/625043e800215d62c0f15942 HTTP/1.1" 304 - "http://localhost:3000/" "Mozilla/5.0 (Windows NT 10.0; Win64; x64) AppleWebKit/537.36 (KHTML, like Gecko) Chrome/100.0.4896.75 Safari/537.36"
::1 - - [09/Apr/2022:06:24:29 +0000] "GET /api/v1/user/get_user HTTP/1.1" 304 - "http://localhost:3000/" "Mozilla/5.0 (Windows NT 10.0; Win64; x64) AppleWebKit/537.36 (KHTML, like Gecko) Chrome/100.0.4896.75 Safari/537.36"
::1 - - [09/Apr/2022:06:24:30 +0000] "GET /api/v1/user/get_user/6249a0970a6ed3d892f4bb56 HTTP/1.1" 304 - "http://localhost:3000/" "Mozilla/5.0 (Windows NT 10.0; Win64; x64) AppleWebKit/537.36 (KHTML, like Gecko) Chrome/100.0.4896.75 Safari/537.36"
::1 - - [09/Apr/2022:06:25:08 +0000] "GET /api/v1/question/get_question/625043e800215d62c0f15942 HTTP/1.1" 304 - "http://localhost:3000/" "Mozilla/5.0 (Windows NT 10.0; Win64; x64) AppleWebKit/537.36 (KHTML, like Gecko) Chrome/100.0.4896.75 Safari/537.36"
::1 - - [09/Apr/2022:06:25:08 +0000] "GET /api/v1/answer/get_answers/625043e800215d62c0f15942 HTTP/1.1" 304 - "http://localhost:3000/" "Mozilla/5.0 (Windows NT 10.0; Win64; x64) AppleWebKit/537.36 (KHTML, like Gecko) Chrome/100.0.4896.75 Safari/537.36"
::1 - - [09/Apr/2022:06:25:08 +0000] "POST /api/v1/activity/add_to_recents HTTP/1.1" 200 325 "http://localhost:3000/" "Mozilla/5.0 (Windows NT 10.0; Win64; x64) AppleWebKit/537.36 (KHTML, like Gecko) Chrome/100.0.4896.75 Safari/537.36"
::1 - - [09/Apr/2022:06:25:09 +0000] "GET /api/v1/user/get_user HTTP/1.1" 200 1975 "http://localhost:3000/" "Mozilla/5.0 (Windows NT 10.0; Win64; x64) AppleWebKit/537.36 (KHTML, like Gecko) Chrome/100.0.4896.75 Safari/537.36"
::1 - - [09/Apr/2022:06:25:09 +0000] "GET /api/v1/user/get_user/6249a0970a6ed3d892f4bb56 HTTP/1.1" 200 1975 "http://localhost:3000/" "Mozilla/5.0 (Windows NT 10.0; Win64; x64) AppleWebKit/537.36 (KHTML, like Gecko) Chrome/100.0.4896.75 Safari/537.36"
::1 - - [09/Apr/2022:06:25:21 +0000] "GET /api/v1/question/get_question/625043e800215d62c0f15942 HTTP/1.1" 304 - "http://localhost:3000/" "Mozilla/5.0 (Windows NT 10.0; Win64; x64) AppleWebKit/537.36 (KHTML, like Gecko) Chrome/100.0.4896.75 Safari/537.36"
::1 - - [09/Apr/2022:06:25:21 +0000] "GET /api/v1/answer/get_answers/625043e800215d62c0f15942 HTTP/1.1" 304 - "http://localhost:3000/" "Mozilla/5.0 (Windows NT 10.0; Win64; x64) AppleWebKit/537.36 (KHTML, like Gecko) Chrome/100.0.4896.75 Safari/537.36"
::1 - - [09/Apr/2022:06:25:21 +0000] "POST /api/v1/activity/add_to_recents HTTP/1.1" 200 325 "http://localhost:3000/" "Mozilla/5.0 (Windows NT 10.0; Win64; x64) AppleWebKit/537.36 (KHTML, like Gecko) Chrome/100.0.4896.75 Safari/537.36"
::1 - - [09/Apr/2022:06:25:21 +0000] "GET /api/v1/user/get_user HTTP/1.1" 200 2002 "http://localhost:3000/" "Mozilla/5.0 (Windows NT 10.0; Win64; x64) AppleWebKit/537.36 (KHTML, like Gecko) Chrome/100.0.4896.75 Safari/537.36"
::1 - - [09/Apr/2022:06:25:22 +0000] "GET /api/v1/user/get_user/6249a0970a6ed3d892f4bb56 HTTP/1.1" 200 2002 "http://localhost:3000/" "Mozilla/5.0 (Windows NT 10.0; Win64; x64) AppleWebKit/537.36 (KHTML, like Gecko) Chrome/100.0.4896.75 Safari/537.36"
::1 - - [09/Apr/2022:06:25:47 +0000] "GET /api/v1/post/get_all_posts?page=1&limit=10 HTTP/1.1" 304 - "http://localhost:3000/" "Mozilla/5.0 (Windows NT 10.0; Win64; x64) AppleWebKit/537.36 (KHTML, like Gecko) Chrome/100.0.4896.75 Safari/537.36"
::1 - - [09/Apr/2022:06:25:50 +0000] "GET /api/v1/activity/get_recent_activity HTTP/1.1" 200 639 "http://localhost:3000/" "Mozilla/5.0 (Windows NT 10.0; Win64; x64) AppleWebKit/537.36 (KHTML, like Gecko) Chrome/100.0.4896.75 Safari/537.36"
::1 - - [09/Apr/2022:06:26:37 +0000] "GET /api/v1/activity/get_recent_activity HTTP/1.1" 304 - "http://localhost:3000/" "Mozilla/5.0 (Windows NT 10.0; Win64; x64) AppleWebKit/537.36 (KHTML, like Gecko) Chrome/100.0.4896.75 Safari/537.36"
::1 - - [09/Apr/2022:06:26:38 +0000] "GET /api/v1/activity/get_recent_activity HTTP/1.1" 304 - "http://localhost:3000/" "Mozilla/5.0 (Windows NT 10.0; Win64; x64) AppleWebKit/537.36 (KHTML, like Gecko) Chrome/100.0.4896.75 Safari/537.36"
