::1 - - [09/Apr/2022:10:30:03 +0000] "GET /api/v1/activity/get_recent_activity HTTP/1.1" 304 - "http://localhost:3000/" "Mozilla/5.0 (Windows NT 10.0; Win64; x64) AppleWebKit/537.36 (KHTML, like Gecko) Chrome/100.0.4896.75 Safari/537.36"
::1 - - [09/Apr/2022:10:41:26 +0000] "GET /api/v1/post/get_all_posts?page=1&limit=10 HTTP/1.1" 200 7031 "http://localhost:3000/" "Mozilla/5.0 (Windows NT 10.0; Win64; x64) AppleWebKit/537.36 (KHTML, like Gecko) Chrome/100.0.4896.75 Safari/537.36"
::1 - - [09/Apr/2022:10:43:23 +0000] "GET /api/v1/post/get_all_posts?page=1&limit=10 HTTP/1.1" 304 - "http://localhost:3000/" "Mozilla/5.0 (Windows NT 10.0; Win64; x64) AppleWebKit/537.36 (KHTML, like Gecko) Chrome/100.0.4896.75 Safari/537.36"
::1 - - [09/Apr/2022:10:44:07 +0000] "GET /api/v1/post/get_all_posts?page=1&limit=10 HTTP/1.1" 304 - "http://localhost:3000/" "Mozilla/5.0 (Windows NT 10.0; Win64; x64) AppleWebKit/537.36 (KHTML, like Gecko) Chrome/100.0.4896.75 Safari/537.36"
::1 - - [09/Apr/2022:10:45:06 +0000] "GET /api/v1/post/get_all_posts?page=1&limit=10 HTTP/1.1" 304 - "http://localhost:3000/" "Mozilla/5.0 (Windows NT 10.0; Win64; x64) AppleWebKit/537.36 (KHTML, like Gecko) Chrome/100.0.4896.75 Safari/537.36"
::1 - - [09/Apr/2022:10:45:37 +0000] "GET /api/v1/post/get_all_posts?page=1&limit=10 HTTP/1.1" 304 - "http://localhost:3000/" "Mozilla/5.0 (Windows NT 10.0; Win64; x64) AppleWebKit/537.36 (KHTML, like Gecko) Chrome/100.0.4896.75 Safari/537.36"
::1 - - [09/Apr/2022:10:45:46 +0000] "GET /api/v1/question/get_all_questions?page=1&limit=10 HTTP/1.1" 304 - "http://localhost:3000/" "Mozilla/5.0 (Windows NT 10.0; Win64; x64) AppleWebKit/537.36 (KHTML, like Gecko) Chrome/100.0.4896.75 Safari/537.36"
::1 - - [09/Apr/2022:10:47:18 +0000] "GET /api/v1/question/get_all_questions?page=1&limit=10 HTTP/1.1" 304 - "http://localhost:3000/" "Mozilla/5.0 (Windows NT 10.0; Win64; x64) AppleWebKit/537.36 (KHTML, like Gecko) Chrome/100.0.4896.75 Safari/537.36"
::1 - - [09/Apr/2022:10:47:38 +0000] "GET /api/v1/question/get_all_questions?page=1&limit=10 HTTP/1.1" 304 - "http://localhost:3000/" "Mozilla/5.0 (Windows NT 10.0; Win64; x64) AppleWebKit/537.36 (KHTML, like Gecko) Chrome/100.0.4896.75 Safari/537.36"
::1 - - [09/Apr/2022:10:47:44 +0000] "GET /api/v1/activity/get_recent_activity HTTP/1.1" 304 - "http://localhost:3000/" "Mozilla/5.0 (Windows NT 10.0; Win64; x64) AppleWebKit/537.36 (KHTML, like Gecko) Chrome/100.0.4896.75 Safari/537.36"
::1 - - [09/Apr/2022:10:50:01 +0000] "GET /api/v1/question/get_all_questions?page=1&limit=10 HTTP/1.1" 304 - "http://localhost:3000/" "Mozilla/5.0 (Windows NT 10.0; Win64; x64) AppleWebKit/537.36 (KHTML, like Gecko) Chrome/100.0.4896.75 Safari/537.36"
::1 - - [09/Apr/2022:10:50:13 +0000] "GET /api/v1/question/get_question/625043e800215d62c0f15942 HTTP/1.1" 304 - "http://localhost:3000/" "Mozilla/5.0 (Windows NT 10.0; Win64; x64) AppleWebKit/537.36 (KHTML, like Gecko) Chrome/100.0.4896.75 Safari/537.36"
::1 - - [09/Apr/2022:10:50:13 +0000] "GET /api/v1/answer/get_answers/625043e800215d62c0f15942 HTTP/1.1" 304 - "http://localhost:3000/" "Mozilla/5.0 (Windows NT 10.0; Win64; x64) AppleWebKit/537.36 (KHTML, like Gecko) Chrome/100.0.4896.75 Safari/537.36"
::1 - - [09/Apr/2022:10:50:13 +0000] "POST /api/v1/activity/add_to_recents HTTP/1.1" 200 325 "http://localhost:3000/" "Mozilla/5.0 (Windows NT 10.0; Win64; x64) AppleWebKit/537.36 (KHTML, like Gecko) Chrome/100.0.4896.75 Safari/537.36"
::1 - - [09/Apr/2022:10:50:13 +0000] "GET /api/v1/user/get_user HTTP/1.1" 304 - "http://localhost:3000/" "Mozilla/5.0 (Windows NT 10.0; Win64; x64) AppleWebKit/537.36 (KHTML, like Gecko) Chrome/100.0.4896.75 Safari/537.36"
::1 - - [09/Apr/2022:10:50:13 +0000] "GET /api/v1/user/get_user/6249a0970a6ed3d892f4bb56 HTTP/1.1" 200 2056 "http://localhost:3000/" "Mozilla/5.0 (Windows NT 10.0; Win64; x64) AppleWebKit/537.36 (KHTML, like Gecko) Chrome/100.0.4896.75 Safari/537.36"
::1 - - [09/Apr/2022:10:50:20 +0000] "GET /api/v1/question/get_all_questions?page=1&limit=10 HTTP/1.1" 304 - "http://localhost:3000/" "Mozilla/5.0 (Windows NT 10.0; Win64; x64) AppleWebKit/537.36 (KHTML, like Gecko) Chrome/100.0.4896.75 Safari/537.36"
::1 - - [09/Apr/2022:10:50:28 +0000] "POST /api/v1/activity/add_to_recents HTTP/1.1" 500 85 "http://localhost:3000/" "Mozilla/5.0 (Windows NT 10.0; Win64; x64) AppleWebKit/537.36 (KHTML, like Gecko) Chrome/100.0.4896.75 Safari/537.36"
::1 - - [09/Apr/2022:10:50:28 +0000] "GET /api/v1/question/get_question/6245f0d8ef6d6d5308c1f25b HTTP/1.1" 200 475 "http://localhost:3000/" "Mozilla/5.0 (Windows NT 10.0; Win64; x64) AppleWebKit/537.36 (KHTML, like Gecko) Chrome/100.0.4896.75 Safari/537.36"
::1 - - [09/Apr/2022:10:50:28 +0000] "GET /api/v1/answer/get_answers/6245f0d8ef6d6d5308c1f25b HTTP/1.1" 200 368 "http://localhost:3000/" "Mozilla/5.0 (Windows NT 10.0; Win64; x64) AppleWebKit/537.36 (KHTML, like Gecko) Chrome/100.0.4896.75 Safari/537.36"
::1 - - [09/Apr/2022:10:50:29 +0000] "GET /api/v1/user/get_user HTTP/1.1" 200 2056 "http://localhost:3000/" "Mozilla/5.0 (Windows NT 10.0; Win64; x64) AppleWebKit/537.36 (KHTML, like Gecko) Chrome/100.0.4896.75 Safari/537.36"
::1 - - [09/Apr/2022:10:50:29 +0000] "GET /api/v1/user/get_user/6245d1a4456f77090b666f3c HTTP/1.1" 500 72 "http://localhost:3000/" "Mozilla/5.0 (Windows NT 10.0; Win64; x64) AppleWebKit/537.36 (KHTML, like Gecko) Chrome/100.0.4896.75 Safari/537.36"
::1 - - [09/Apr/2022:10:50:34 +0000] "GET /api/v1/question/get_all_questions?page=1&limit=10 HTTP/1.1" 304 - "http://localhost:3000/" "Mozilla/5.0 (Windows NT 10.0; Win64; x64) AppleWebKit/537.36 (KHTML, like Gecko) Chrome/100.0.4896.75 Safari/537.36"
::1 - - [09/Apr/2022:10:50:39 +0000] "POST /api/v1/activity/add_to_recents HTTP/1.1" 500 85 "http://localhost:3000/" "Mozilla/5.0 (Windows NT 10.0; Win64; x64) AppleWebKit/537.36 (KHTML, like Gecko) Chrome/100.0.4896.75 Safari/537.36"
::1 - - [09/Apr/2022:10:50:39 +0000] "GET /api/v1/question/get_question/6245f2a9637621d1d13fdf36 HTTP/1.1" 200 450 "http://localhost:3000/" "Mozilla/5.0 (Windows NT 10.0; Win64; x64) AppleWebKit/537.36 (KHTML, like Gecko) Chrome/100.0.4896.75 Safari/537.36"
::1 - - [09/Apr/2022:10:50:39 +0000] "GET /api/v1/answer/get_answers/6245f2a9637621d1d13fdf36 HTTP/1.1" 200 82 "http://localhost:3000/" "Mozilla/5.0 (Windows NT 10.0; Win64; x64) AppleWebKit/537.36 (KHTML, like Gecko) Chrome/100.0.4896.75 Safari/537.36"
::1 - - [09/Apr/2022:10:50:39 +0000] "GET /api/v1/user/get_user HTTP/1.1" 304 - "http://localhost:3000/" "Mozilla/5.0 (Windows NT 10.0; Win64; x64) AppleWebKit/537.36 (KHTML, like Gecko) Chrome/100.0.4896.75 Safari/537.36"
::1 - - [09/Apr/2022:10:50:39 +0000] "GET /api/v1/user/get_user/6245d1a4456f77090b666f3c HTTP/1.1" 500 72 "http://localhost:3000/" "Mozilla/5.0 (Windows NT 10.0; Win64; x64) AppleWebKit/537.36 (KHTML, like Gecko) Chrome/100.0.4896.75 Safari/537.36"
::1 - - [09/Apr/2022:10:50:59 +0000] "POST /api/v1/activity/add_to_recents HTTP/1.1" 500 85 "http://localhost:3000/" "Mozilla/5.0 (Windows NT 10.0; Win64; x64) AppleWebKit/537.36 (KHTML, like Gecko) Chrome/100.0.4896.75 Safari/537.36"
::1 - - [09/Apr/2022:10:50:59 +0000] "GET /api/v1/question/get_question/6245f2a9637621d1d13fdf36 HTTP/1.1" 304 - "http://localhost:3000/" "Mozilla/5.0 (Windows NT 10.0; Win64; x64) AppleWebKit/537.36 (KHTML, like Gecko) Chrome/100.0.4896.75 Safari/537.36"
::1 - - [09/Apr/2022:10:50:59 +0000] "GET /api/v1/answer/get_answers/6245f2a9637621d1d13fdf36 HTTP/1.1" 304 - "http://localhost:3000/" "Mozilla/5.0 (Windows NT 10.0; Win64; x64) AppleWebKit/537.36 (KHTML, like Gecko) Chrome/100.0.4896.75 Safari/537.36"
::1 - - [09/Apr/2022:10:50:59 +0000] "GET /api/v1/user/get_user HTTP/1.1" 304 - "http://localhost:3000/" "Mozilla/5.0 (Windows NT 10.0; Win64; x64) AppleWebKit/537.36 (KHTML, like Gecko) Chrome/100.0.4896.75 Safari/537.36"
::1 - - [09/Apr/2022:10:50:59 +0000] "GET /api/v1/user/get_user/6245d1a4456f77090b666f3c HTTP/1.1" 500 72 "http://localhost:3000/" "Mozilla/5.0 (Windows NT 10.0; Win64; x64) AppleWebKit/537.36 (KHTML, like Gecko) Chrome/100.0.4896.75 Safari/537.36"
::1 - - [09/Apr/2022:10:52:02 +0000] "GET /api/v1/question/get_all_questions?page=1&limit=10 HTTP/1.1" 304 - "http://localhost:3000/" "Mozilla/5.0 (Windows NT 10.0; Win64; x64) AppleWebKit/537.36 (KHTML, like Gecko) Chrome/100.0.4896.75 Safari/537.36"
::1 - - [09/Apr/2022:10:52:08 +0000] "POST /api/v1/activity/add_to_recents HTTP/1.1" 500 85 "http://localhost:3000/" "Mozilla/5.0 (Windows NT 10.0; Win64; x64) AppleWebKit/537.36 (KHTML, like Gecko) Chrome/100.0.4896.75 Safari/537.36"
::1 - - [09/Apr/2022:10:52:08 +0000] "GET /api/v1/question/get_question/6249769a7728798466d2b34d HTTP/1.1" 200 500 "http://localhost:3000/" "Mozilla/5.0 (Windows NT 10.0; Win64; x64) AppleWebKit/537.36 (KHTML, like Gecko) Chrome/100.0.4896.75 Safari/537.36"
::1 - - [09/Apr/2022:10:52:08 +0000] "GET /api/v1/answer/get_answers/6249769a7728798466d2b34d HTTP/1.1" 200 82 "http://localhost:3000/" "Mozilla/5.0 (Windows NT 10.0; Win64; x64) AppleWebKit/537.36 (KHTML, like Gecko) Chrome/100.0.4896.75 Safari/537.36"
::1 - - [09/Apr/2022:10:52:08 +0000] "GET /api/v1/user/get_user HTTP/1.1" 304 - "http://localhost:3000/" "Mozilla/5.0 (Windows NT 10.0; Win64; x64) AppleWebKit/537.36 (KHTML, like Gecko) Chrome/100.0.4896.75 Safari/537.36"
::1 - - [09/Apr/2022:10:52:08 +0000] "GET /api/v1/user/get_user/62496e3d20f0118e54aec056 HTTP/1.1" 200 603 "http://localhost:3000/" "Mozilla/5.0 (Windows NT 10.0; Win64; x64) AppleWebKit/537.36 (KHTML, like Gecko) Chrome/100.0.4896.75 Safari/537.36"
::1 - - [09/Apr/2022:10:52:16 +0000] "GET /api/v1/question/get_all_questions?page=1&limit=10 HTTP/1.1" 304 - "http://localhost:3000/" "Mozilla/5.0 (Windows NT 10.0; Win64; x64) AppleWebKit/537.36 (KHTML, like Gecko) Chrome/100.0.4896.75 Safari/537.36"
::1 - - [09/Apr/2022:10:52:23 +0000] "POST /api/v1/activity/add_to_recents HTTP/1.1" 500 85 "http://localhost:3000/" "Mozilla/5.0 (Windows NT 10.0; Win64; x64) AppleWebKit/537.36 (KHTML, like Gecko) Chrome/100.0.4896.75 Safari/537.36"
::1 - - [09/Apr/2022:10:52:23 +0000] "GET /api/v1/question/get_question/62504331381adb8f36075bcb HTTP/1.1" 200 430 "http://localhost:3000/" "Mozilla/5.0 (Windows NT 10.0; Win64; x64) AppleWebKit/537.36 (KHTML, like Gecko) Chrome/100.0.4896.75 Safari/537.36"
::1 - - [09/Apr/2022:10:52:23 +0000] "GET /api/v1/answer/get_answers/62504331381adb8f36075bcb HTTP/1.1" 200 82 "http://localhost:3000/" "Mozilla/5.0 (Windows NT 10.0; Win64; x64) AppleWebKit/537.36 (KHTML, like Gecko) Chrome/100.0.4896.75 Safari/537.36"
::1 - - [09/Apr/2022:10:52:23 +0000] "GET /api/v1/user/get_user HTTP/1.1" 304 - "http://localhost:3000/" "Mozilla/5.0 (Windows NT 10.0; Win64; x64) AppleWebKit/537.36 (KHTML, like Gecko) Chrome/100.0.4896.75 Safari/537.36"
::1 - - [09/Apr/2022:10:52:23 +0000] "GET /api/v1/user/get_user/6249a0970a6ed3d892f4bb56 HTTP/1.1" 304 - "http://localhost:3000/" "Mozilla/5.0 (Windows NT 10.0; Win64; x64) AppleWebKit/537.36 (KHTML, like Gecko) Chrome/100.0.4896.75 Safari/537.36"
::1 - - [09/Apr/2022:10:52:36 +0000] "GET /api/v1/question/get_all_questions?page=1&limit=10 HTTP/1.1" 304 - "http://localhost:3000/" "Mozilla/5.0 (Windows NT 10.0; Win64; x64) AppleWebKit/537.36 (KHTML, like Gecko) Chrome/100.0.4896.75 Safari/537.36"
::1 - - [09/Apr/2022:10:52:40 +0000] "GET /api/v1/question/get_question/625043e800215d62c0f15942 HTTP/1.1" 304 - "http://localhost:3000/" "Mozilla/5.0 (Windows NT 10.0; Win64; x64) AppleWebKit/537.36 (KHTML, like Gecko) Chrome/100.0.4896.75 Safari/537.36"
::1 - - [09/Apr/2022:10:52:40 +0000] "GET /api/v1/answer/get_answers/625043e800215d62c0f15942 HTTP/1.1" 304 - "http://localhost:3000/" "Mozilla/5.0 (Windows NT 10.0; Win64; x64) AppleWebKit/537.36 (KHTML, like Gecko) Chrome/100.0.4896.75 Safari/537.36"
::1 - - [09/Apr/2022:10:52:40 +0000] "POST /api/v1/activity/add_to_recents HTTP/1.1" 200 325 "http://localhost:3000/" "Mozilla/5.0 (Windows NT 10.0; Win64; x64) AppleWebKit/537.36 (KHTML, like Gecko) Chrome/100.0.4896.75 Safari/537.36"
::1 - - [09/Apr/2022:10:52:40 +0000] "GET /api/v1/user/get_user HTTP/1.1" 200 2083 "http://localhost:3000/" "Mozilla/5.0 (Windows NT 10.0; Win64; x64) AppleWebKit/537.36 (KHTML, like Gecko) Chrome/100.0.4896.75 Safari/537.36"
::1 - - [09/Apr/2022:10:52:41 +0000] "GET /api/v1/user/get_user/6249a0970a6ed3d892f4bb56 HTTP/1.1" 200 2083 "http://localhost:3000/" "Mozilla/5.0 (Windows NT 10.0; Win64; x64) AppleWebKit/537.36 (KHTML, like Gecko) Chrome/100.0.4896.75 Safari/537.36"
::1 - - [09/Apr/2022:10:52:51 +0000] "GET /api/v1/question/get_all_questions?page=1&limit=10 HTTP/1.1" 304 - "http://localhost:3000/" "Mozilla/5.0 (Windows NT 10.0; Win64; x64) AppleWebKit/537.36 (KHTML, like Gecko) Chrome/100.0.4896.75 Safari/537.36"
::1 - - [09/Apr/2022:10:53:07 +0000] "POST /api/v1/activity/add_to_recents HTTP/1.1" 500 85 "http://localhost:3000/" "Mozilla/5.0 (Windows NT 10.0; Win64; x64) AppleWebKit/537.36 (KHTML, like Gecko) Chrome/100.0.4896.75 Safari/537.36"
::1 - - [09/Apr/2022:10:53:07 +0000] "GET /api/v1/question/get_question/62504331381adb8f36075bcb HTTP/1.1" 304 - "http://localhost:3000/" "Mozilla/5.0 (Windows NT 10.0; Win64; x64) AppleWebKit/537.36 (KHTML, like Gecko) Chrome/100.0.4896.75 Safari/537.36"
::1 - - [09/Apr/2022:10:53:08 +0000] "GET /api/v1/answer/get_answers/62504331381adb8f36075bcb HTTP/1.1" 304 - "http://localhost:3000/" "Mozilla/5.0 (Windows NT 10.0; Win64; x64) AppleWebKit/537.36 (KHTML, like Gecko) Chrome/100.0.4896.75 Safari/537.36"
::1 - - [09/Apr/2022:10:53:08 +0000] "GET /api/v1/user/get_user HTTP/1.1" 304 - "http://localhost:3000/" "Mozilla/5.0 (Windows NT 10.0; Win64; x64) AppleWebKit/537.36 (KHTML, like Gecko) Chrome/100.0.4896.75 Safari/537.36"
::1 - - [09/Apr/2022:10:53:08 +0000] "GET /api/v1/user/get_user/6249a0970a6ed3d892f4bb56 HTTP/1.1" 304 - "http://localhost:3000/" "Mozilla/5.0 (Windows NT 10.0; Win64; x64) AppleWebKit/537.36 (KHTML, like Gecko) Chrome/100.0.4896.75 Safari/537.36"
::1 - - [09/Apr/2022:10:54:55 +0000] "GET /api/v1/question/get_all_questions?page=1&limit=10 HTTP/1.1" 304 - "http://localhost:3000/" "Mozilla/5.0 (Windows NT 10.0; Win64; x64) AppleWebKit/537.36 (KHTML, like Gecko) Chrome/100.0.4896.75 Safari/537.36"
::1 - - [09/Apr/2022:10:55:04 +0000] "GET /api/v1/question/get_question/62504331381adb8f36075bcb HTTP/1.1" 304 - "http://localhost:3000/" "Mozilla/5.0 (Windows NT 10.0; Win64; x64) AppleWebKit/537.36 (KHTML, like Gecko) Chrome/100.0.4896.75 Safari/537.36"
::1 - - [09/Apr/2022:10:55:04 +0000] "POST /api/v1/activity/add_to_recents HTTP/1.1" 500 85 "http://localhost:3000/" "Mozilla/5.0 (Windows NT 10.0; Win64; x64) AppleWebKit/537.36 (KHTML, like Gecko) Chrome/100.0.4896.75 Safari/537.36"
::1 - - [09/Apr/2022:10:55:04 +0000] "GET /api/v1/answer/get_answers/62504331381adb8f36075bcb HTTP/1.1" 304 - "http://localhost:3000/" "Mozilla/5.0 (Windows NT 10.0; Win64; x64) AppleWebKit/537.36 (KHTML, like Gecko) Chrome/100.0.4896.75 Safari/537.36"
::1 - - [09/Apr/2022:10:55:04 +0000] "GET /api/v1/user/get_user HTTP/1.1" 304 - "http://localhost:3000/" "Mozilla/5.0 (Windows NT 10.0; Win64; x64) AppleWebKit/537.36 (KHTML, like Gecko) Chrome/100.0.4896.75 Safari/537.36"
::1 - - [09/Apr/2022:10:55:04 +0000] "GET /api/v1/user/get_user/6249a0970a6ed3d892f4bb56 HTTP/1.1" 304 - "http://localhost:3000/" "Mozilla/5.0 (Windows NT 10.0; Win64; x64) AppleWebKit/537.36 (KHTML, like Gecko) Chrome/100.0.4896.75 Safari/537.36"
::1 - - [09/Apr/2022:10:56:29 +0000] "GET /api/v1/question/get_question/62504331381adb8f36075bcb HTTP/1.1" 304 - "http://localhost:3000/" "Mozilla/5.0 (Windows NT 10.0; Win64; x64) AppleWebKit/537.36 (KHTML, like Gecko) Chrome/100.0.4896.75 Safari/537.36"
::1 - - [09/Apr/2022:10:56:29 +0000] "GET /api/v1/answer/get_answers/62504331381adb8f36075bcb HTTP/1.1" 304 - "http://localhost:3000/" "Mozilla/5.0 (Windows NT 10.0; Win64; x64) AppleWebKit/537.36 (KHTML, like Gecko) Chrome/100.0.4896.75 Safari/537.36"
::1 - - [09/Apr/2022:10:56:29 +0000] "POST /api/v1/activity/add_to_recents HTTP/1.1" 200 325 "http://localhost:3000/" "Mozilla/5.0 (Windows NT 10.0; Win64; x64) AppleWebKit/537.36 (KHTML, like Gecko) Chrome/100.0.4896.75 Safari/537.36"
::1 - - [09/Apr/2022:10:56:29 +0000] "GET /api/v1/user/get_user HTTP/1.1" 304 - "http://localhost:3000/" "Mozilla/5.0 (Windows NT 10.0; Win64; x64) AppleWebKit/537.36 (KHTML, like Gecko) Chrome/100.0.4896.75 Safari/537.36"
::1 - - [09/Apr/2022:10:56:30 +0000] "GET /api/v1/user/get_user/6249a0970a6ed3d892f4bb56 HTTP/1.1" 200 2110 "http://localhost:3000/" "Mozilla/5.0 (Windows NT 10.0; Win64; x64) AppleWebKit/537.36 (KHTML, like Gecko) Chrome/100.0.4896.75 Safari/537.36"
::1 - - [09/Apr/2022:10:56:32 +0000] "GET /api/v1/question/get_all_questions?page=1&limit=10 HTTP/1.1" 304 - "http://localhost:3000/" "Mozilla/5.0 (Windows NT 10.0; Win64; x64) AppleWebKit/537.36 (KHTML, like Gecko) Chrome/100.0.4896.75 Safari/537.36"
::1 - - [09/Apr/2022:10:56:35 +0000] "GET /api/v1/question/get_question/625043e800215d62c0f15942 HTTP/1.1" 304 - "http://localhost:3000/" "Mozilla/5.0 (Windows NT 10.0; Win64; x64) AppleWebKit/537.36 (KHTML, like Gecko) Chrome/100.0.4896.75 Safari/537.36"
::1 - - [09/Apr/2022:10:56:35 +0000] "GET /api/v1/answer/get_answers/625043e800215d62c0f15942 HTTP/1.1" 304 - "http://localhost:3000/" "Mozilla/5.0 (Windows NT 10.0; Win64; x64) AppleWebKit/537.36 (KHTML, like Gecko) Chrome/100.0.4896.75 Safari/537.36"
::1 - - [09/Apr/2022:10:56:36 +0000] "POST /api/v1/activity/add_to_recents HTTP/1.1" 200 325 "http://localhost:3000/" "Mozilla/5.0 (Windows NT 10.0; Win64; x64) AppleWebKit/537.36 (KHTML, like Gecko) Chrome/100.0.4896.75 Safari/537.36"
::1 - - [09/Apr/2022:10:56:36 +0000] "GET /api/v1/user/get_user HTTP/1.1" 200 2137 "http://localhost:3000/" "Mozilla/5.0 (Windows NT 10.0; Win64; x64) AppleWebKit/537.36 (KHTML, like Gecko) Chrome/100.0.4896.75 Safari/537.36"
::1 - - [09/Apr/2022:10:56:36 +0000] "GET /api/v1/user/get_user/6249a0970a6ed3d892f4bb56 HTTP/1.1" 200 2137 "http://localhost:3000/" "Mozilla/5.0 (Windows NT 10.0; Win64; x64) AppleWebKit/537.36 (KHTML, like Gecko) Chrome/100.0.4896.75 Safari/537.36"
